<?xml version="1.0" encoding="UTF-8"?>
<!-- Generated by org.testng.reporters.JUnitReportReporter -->
<testsuite skipped="1" hostname="Arsath" name="org.frame.FrameWorkClass1" tests="5" failures="0" timestamp="02 Apr 2022 02:44:25 GMT" time="0.002" errors="0">
  <testcase name="Tc1" time="0.001" classname="org.frame.FrameWorkClass1"/>
  <testcase name="Tc5" time="0.001" classname="org.frame.FrameWorkClass1"/>
  <testcase name="Tc2" time="0.000" classname="org.frame.FrameWorkClass1"/>
  <testcase name="Tc3" time="0.000" classname="org.frame.FrameWorkClass1"/>
  <testcase name="Tc4" classname="org.frame.FrameWorkClass1">
    <skipped/>
  </testcase> <!-- Tc4 -->
</testsuite> <!-- org.frame.FrameWorkClass1 -->
