<?xml version="1.0" encoding="UTF-8"?>
<!-- Generated by org.testng.reporters.JUnitReportReporter -->
<testsuite skipped="1" hostname="Arsath" name="org.frame.Employee" tests="9" failures="0" timestamp="02 Apr 2022 02:44:25 GMT" time="0.012" errors="0">
  <testcase name="Tc21" time="0.008" classname="org.frame.Employee"/>
  <testcase name="Tc25" time="0.001" classname="org.frame.Employee"/>
  <testcase name="Tc22" time="0.000" classname="org.frame.Employee"/>
  <testcase name="Tc22" time="0.001" classname="org.frame.Employee"/>
  <testcase name="Tc22" time="0.000" classname="org.frame.Employee"/>
  <testcase name="Tc22" time="0.001" classname="org.frame.Employee"/>
  <testcase name="Tc22" time="0.000" classname="org.frame.Employee"/>
  <testcase name="Tc23" time="0.001" classname="org.frame.Employee"/>
  <testcase name="Tc24" classname="org.frame.Employee">
    <skipped/>
  </testcase> <!-- Tc24 -->
</testsuite> <!-- org.frame.Employee -->
